2022-11-20 00:02:02,831 INFO 15196 [egg-schedule]: register schedule E:\FrontEnd\MyGithubRepository\PassionateEnd\node_modules\egg-multipart\app\schedule\clean_tmpdir.js
2022-11-20 00:02:02,831 INFO 15196 [egg-schedule]: register schedule E:\FrontEnd\MyGithubRepository\PassionateEnd\node_modules\egg-logrotator\app\schedule\clean_log.js
2022-11-20 00:02:02,831 INFO 15196 [egg-schedule]: register schedule E:\FrontEnd\MyGithubRepository\PassionateEnd\node_modules\egg-logrotator\app\schedule\rotate_by_file.js
2022-11-20 00:03:14,924 INFO 2508 [egg-schedule]: register schedule E:\FrontEnd\MyGithubRepository\PassionateEnd\node_modules\egg-multipart\app\schedule\clean_tmpdir.js
2022-11-20 00:03:14,924 INFO 2508 [egg-schedule]: register schedule E:\FrontEnd\MyGithubRepository\PassionateEnd\node_modules\egg-logrotator\app\schedule\clean_log.js
2022-11-20 00:03:14,924 INFO 2508 [egg-schedule]: register schedule E:\FrontEnd\MyGithubRepository\PassionateEnd\node_modules\egg-logrotator\app\schedule\rotate_by_file.js
2022-11-20 00:03:21,387 INFO 24940 [egg-schedule]: register schedule E:\FrontEnd\MyGithubRepository\PassionateEnd\node_modules\egg-multipart\app\schedule\clean_tmpdir.js
2022-11-20 00:03:21,388 INFO 24940 [egg-schedule]: register schedule E:\FrontEnd\MyGithubRepository\PassionateEnd\node_modules\egg-logrotator\app\schedule\clean_log.js
2022-11-20 00:03:21,388 INFO 24940 [egg-schedule]: register schedule E:\FrontEnd\MyGithubRepository\PassionateEnd\node_modules\egg-logrotator\app\schedule\rotate_by_file.js
2022-11-20 00:03:24,350 INFO 25900 [egg-schedule]: register schedule E:\FrontEnd\MyGithubRepository\PassionateEnd\node_modules\egg-multipart\app\schedule\clean_tmpdir.js
2022-11-20 00:03:24,350 INFO 25900 [egg-schedule]: register schedule E:\FrontEnd\MyGithubRepository\PassionateEnd\node_modules\egg-logrotator\app\schedule\clean_log.js
2022-11-20 00:03:24,350 INFO 25900 [egg-schedule]: register schedule E:\FrontEnd\MyGithubRepository\PassionateEnd\node_modules\egg-logrotator\app\schedule\rotate_by_file.js
2022-11-20 00:03:25,769 INFO 12320 [egg-schedule]: register schedule E:\FrontEnd\MyGithubRepository\PassionateEnd\node_modules\egg-multipart\app\schedule\clean_tmpdir.js
2022-11-20 00:03:25,769 INFO 12320 [egg-schedule]: register schedule E:\FrontEnd\MyGithubRepository\PassionateEnd\node_modules\egg-logrotator\app\schedule\clean_log.js
2022-11-20 00:03:25,769 INFO 12320 [egg-schedule]: register schedule E:\FrontEnd\MyGithubRepository\PassionateEnd\node_modules\egg-logrotator\app\schedule\rotate_by_file.js
2022-11-20 00:03:35,323 INFO 20292 [egg-schedule]: register schedule E:\FrontEnd\MyGithubRepository\PassionateEnd\node_modules\egg-multipart\app\schedule\clean_tmpdir.js
2022-11-20 00:03:35,323 INFO 20292 [egg-schedule]: register schedule E:\FrontEnd\MyGithubRepository\PassionateEnd\node_modules\egg-logrotator\app\schedule\clean_log.js
2022-11-20 00:03:35,323 INFO 20292 [egg-schedule]: register schedule E:\FrontEnd\MyGithubRepository\PassionateEnd\node_modules\egg-logrotator\app\schedule\rotate_by_file.js
2022-11-20 00:03:37,024 INFO 22296 [egg-schedule]: register schedule E:\FrontEnd\MyGithubRepository\PassionateEnd\node_modules\egg-multipart\app\schedule\clean_tmpdir.js
2022-11-20 00:03:37,024 INFO 22296 [egg-schedule]: register schedule E:\FrontEnd\MyGithubRepository\PassionateEnd\node_modules\egg-logrotator\app\schedule\clean_log.js
2022-11-20 00:03:37,024 INFO 22296 [egg-schedule]: register schedule E:\FrontEnd\MyGithubRepository\PassionateEnd\node_modules\egg-logrotator\app\schedule\rotate_by_file.js
2022-11-20 00:03:38,561 INFO 25852 [egg-schedule]: register schedule E:\FrontEnd\MyGithubRepository\PassionateEnd\node_modules\egg-multipart\app\schedule\clean_tmpdir.js
2022-11-20 00:03:38,561 INFO 25852 [egg-schedule]: register schedule E:\FrontEnd\MyGithubRepository\PassionateEnd\node_modules\egg-logrotator\app\schedule\clean_log.js
2022-11-20 00:03:38,561 INFO 25852 [egg-schedule]: register schedule E:\FrontEnd\MyGithubRepository\PassionateEnd\node_modules\egg-logrotator\app\schedule\rotate_by_file.js
2022-11-20 00:03:40,291 INFO 26112 [egg-schedule]: register schedule E:\FrontEnd\MyGithubRepository\PassionateEnd\node_modules\egg-multipart\app\schedule\clean_tmpdir.js
2022-11-20 00:03:40,291 INFO 26112 [egg-schedule]: register schedule E:\FrontEnd\MyGithubRepository\PassionateEnd\node_modules\egg-logrotator\app\schedule\clean_log.js
2022-11-20 00:03:40,291 INFO 26112 [egg-schedule]: register schedule E:\FrontEnd\MyGithubRepository\PassionateEnd\node_modules\egg-logrotator\app\schedule\rotate_by_file.js
2022-11-20 00:03:42,723 INFO 21828 [egg-schedule]: register schedule E:\FrontEnd\MyGithubRepository\PassionateEnd\node_modules\egg-multipart\app\schedule\clean_tmpdir.js
2022-11-20 00:03:42,723 INFO 21828 [egg-schedule]: register schedule E:\FrontEnd\MyGithubRepository\PassionateEnd\node_modules\egg-logrotator\app\schedule\clean_log.js
2022-11-20 00:03:42,723 INFO 21828 [egg-schedule]: register schedule E:\FrontEnd\MyGithubRepository\PassionateEnd\node_modules\egg-logrotator\app\schedule\rotate_by_file.js
2022-11-20 00:03:43,704 INFO 21544 [egg-schedule]: register schedule E:\FrontEnd\MyGithubRepository\PassionateEnd\node_modules\egg-multipart\app\schedule\clean_tmpdir.js
2022-11-20 00:03:43,704 INFO 21544 [egg-schedule]: register schedule E:\FrontEnd\MyGithubRepository\PassionateEnd\node_modules\egg-logrotator\app\schedule\clean_log.js
2022-11-20 00:03:43,704 INFO 21544 [egg-schedule]: register schedule E:\FrontEnd\MyGithubRepository\PassionateEnd\node_modules\egg-logrotator\app\schedule\rotate_by_file.js
2022-11-20 00:04:06,493 INFO 14444 [egg-schedule]: register schedule E:\FrontEnd\MyGithubRepository\PassionateEnd\node_modules\egg-multipart\app\schedule\clean_tmpdir.js
2022-11-20 00:04:06,493 INFO 14444 [egg-schedule]: register schedule E:\FrontEnd\MyGithubRepository\PassionateEnd\node_modules\egg-logrotator\app\schedule\clean_log.js
2022-11-20 00:04:06,493 INFO 14444 [egg-schedule]: register schedule E:\FrontEnd\MyGithubRepository\PassionateEnd\node_modules\egg-logrotator\app\schedule\rotate_by_file.js
2022-11-20 00:04:07,917 INFO 24404 [egg-schedule]: register schedule E:\FrontEnd\MyGithubRepository\PassionateEnd\node_modules\egg-multipart\app\schedule\clean_tmpdir.js
2022-11-20 00:04:07,917 INFO 24404 [egg-schedule]: register schedule E:\FrontEnd\MyGithubRepository\PassionateEnd\node_modules\egg-logrotator\app\schedule\clean_log.js
2022-11-20 00:04:07,917 INFO 24404 [egg-schedule]: register schedule E:\FrontEnd\MyGithubRepository\PassionateEnd\node_modules\egg-logrotator\app\schedule\rotate_by_file.js
2022-11-20 00:04:15,526 INFO 24940 [egg-schedule]: register schedule E:\FrontEnd\MyGithubRepository\PassionateEnd\node_modules\egg-multipart\app\schedule\clean_tmpdir.js
2022-11-20 00:04:15,526 INFO 24940 [egg-schedule]: register schedule E:\FrontEnd\MyGithubRepository\PassionateEnd\node_modules\egg-logrotator\app\schedule\clean_log.js
2022-11-20 00:04:15,526 INFO 24940 [egg-schedule]: register schedule E:\FrontEnd\MyGithubRepository\PassionateEnd\node_modules\egg-logrotator\app\schedule\rotate_by_file.js
2022-11-20 00:05:03,176 INFO 13444 [egg-schedule]: register schedule E:\FrontEnd\MyGithubRepository\PassionateEnd\node_modules\egg-multipart\app\schedule\clean_tmpdir.js
2022-11-20 00:05:03,176 INFO 13444 [egg-schedule]: register schedule E:\FrontEnd\MyGithubRepository\PassionateEnd\node_modules\egg-logrotator\app\schedule\clean_log.js
2022-11-20 00:05:03,176 INFO 13444 [egg-schedule]: register schedule E:\FrontEnd\MyGithubRepository\PassionateEnd\node_modules\egg-logrotator\app\schedule\rotate_by_file.js
2022-11-20 00:05:04,762 INFO 11260 [egg-schedule]: register schedule E:\FrontEnd\MyGithubRepository\PassionateEnd\node_modules\egg-multipart\app\schedule\clean_tmpdir.js
2022-11-20 00:05:04,762 INFO 11260 [egg-schedule]: register schedule E:\FrontEnd\MyGithubRepository\PassionateEnd\node_modules\egg-logrotator\app\schedule\clean_log.js
2022-11-20 00:05:04,763 INFO 11260 [egg-schedule]: register schedule E:\FrontEnd\MyGithubRepository\PassionateEnd\node_modules\egg-logrotator\app\schedule\rotate_by_file.js
2022-11-20 00:05:06,487 INFO 22932 [egg-schedule]: register schedule E:\FrontEnd\MyGithubRepository\PassionateEnd\node_modules\egg-multipart\app\schedule\clean_tmpdir.js
2022-11-20 00:05:06,487 INFO 22932 [egg-schedule]: register schedule E:\FrontEnd\MyGithubRepository\PassionateEnd\node_modules\egg-logrotator\app\schedule\clean_log.js
2022-11-20 00:05:06,487 INFO 22932 [egg-schedule]: register schedule E:\FrontEnd\MyGithubRepository\PassionateEnd\node_modules\egg-logrotator\app\schedule\rotate_by_file.js
2022-11-20 00:05:09,207 INFO 22628 [egg-schedule]: register schedule E:\FrontEnd\MyGithubRepository\PassionateEnd\node_modules\egg-multipart\app\schedule\clean_tmpdir.js
2022-11-20 00:05:09,207 INFO 22628 [egg-schedule]: register schedule E:\FrontEnd\MyGithubRepository\PassionateEnd\node_modules\egg-logrotator\app\schedule\clean_log.js
2022-11-20 00:05:09,207 INFO 22628 [egg-schedule]: register schedule E:\FrontEnd\MyGithubRepository\PassionateEnd\node_modules\egg-logrotator\app\schedule\rotate_by_file.js
2022-11-20 00:05:32,498 INFO 2732 [egg-schedule]: register schedule E:\FrontEnd\MyGithubRepository\PassionateEnd\node_modules\egg-multipart\app\schedule\clean_tmpdir.js
2022-11-20 00:05:32,498 INFO 2732 [egg-schedule]: register schedule E:\FrontEnd\MyGithubRepository\PassionateEnd\node_modules\egg-logrotator\app\schedule\clean_log.js
2022-11-20 00:05:32,498 INFO 2732 [egg-schedule]: register schedule E:\FrontEnd\MyGithubRepository\PassionateEnd\node_modules\egg-logrotator\app\schedule\rotate_by_file.js
2022-11-20 00:05:35,221 INFO 21376 [egg-schedule]: register schedule E:\FrontEnd\MyGithubRepository\PassionateEnd\node_modules\egg-multipart\app\schedule\clean_tmpdir.js
2022-11-20 00:05:35,221 INFO 21376 [egg-schedule]: register schedule E:\FrontEnd\MyGithubRepository\PassionateEnd\node_modules\egg-logrotator\app\schedule\clean_log.js
2022-11-20 00:05:35,221 INFO 21376 [egg-schedule]: register schedule E:\FrontEnd\MyGithubRepository\PassionateEnd\node_modules\egg-logrotator\app\schedule\rotate_by_file.js
2022-11-20 00:05:36,724 INFO 23928 [egg-schedule]: register schedule E:\FrontEnd\MyGithubRepository\PassionateEnd\node_modules\egg-multipart\app\schedule\clean_tmpdir.js
2022-11-20 00:05:36,724 INFO 23928 [egg-schedule]: register schedule E:\FrontEnd\MyGithubRepository\PassionateEnd\node_modules\egg-logrotator\app\schedule\clean_log.js
2022-11-20 00:05:36,725 INFO 23928 [egg-schedule]: register schedule E:\FrontEnd\MyGithubRepository\PassionateEnd\node_modules\egg-logrotator\app\schedule\rotate_by_file.js
2022-11-20 00:05:39,099 INFO 25160 [egg-schedule]: register schedule E:\FrontEnd\MyGithubRepository\PassionateEnd\node_modules\egg-multipart\app\schedule\clean_tmpdir.js
2022-11-20 00:05:39,099 INFO 25160 [egg-schedule]: register schedule E:\FrontEnd\MyGithubRepository\PassionateEnd\node_modules\egg-logrotator\app\schedule\clean_log.js
2022-11-20 00:05:39,099 INFO 25160 [egg-schedule]: register schedule E:\FrontEnd\MyGithubRepository\PassionateEnd\node_modules\egg-logrotator\app\schedule\rotate_by_file.js
2022-11-20 00:05:40,873 INFO 3972 [egg-schedule]: register schedule E:\FrontEnd\MyGithubRepository\PassionateEnd\node_modules\egg-multipart\app\schedule\clean_tmpdir.js
2022-11-20 00:05:40,873 INFO 3972 [egg-schedule]: register schedule E:\FrontEnd\MyGithubRepository\PassionateEnd\node_modules\egg-logrotator\app\schedule\clean_log.js
2022-11-20 00:05:40,873 INFO 3972 [egg-schedule]: register schedule E:\FrontEnd\MyGithubRepository\PassionateEnd\node_modules\egg-logrotator\app\schedule\rotate_by_file.js
2022-11-20 00:06:21,448 INFO 22128 [egg-schedule]: register schedule E:\FrontEnd\MyGithubRepository\PassionateEnd\node_modules\egg-multipart\app\schedule\clean_tmpdir.js
2022-11-20 00:06:21,448 INFO 22128 [egg-schedule]: register schedule E:\FrontEnd\MyGithubRepository\PassionateEnd\node_modules\egg-logrotator\app\schedule\clean_log.js
2022-11-20 00:06:21,448 INFO 22128 [egg-schedule]: register schedule E:\FrontEnd\MyGithubRepository\PassionateEnd\node_modules\egg-logrotator\app\schedule\rotate_by_file.js
2022-11-20 00:06:24,817 INFO 4996 [egg-schedule]: register schedule E:\FrontEnd\MyGithubRepository\PassionateEnd\node_modules\egg-multipart\app\schedule\clean_tmpdir.js
2022-11-20 00:06:24,817 INFO 4996 [egg-schedule]: register schedule E:\FrontEnd\MyGithubRepository\PassionateEnd\node_modules\egg-logrotator\app\schedule\clean_log.js
2022-11-20 00:06:24,817 INFO 4996 [egg-schedule]: register schedule E:\FrontEnd\MyGithubRepository\PassionateEnd\node_modules\egg-logrotator\app\schedule\rotate_by_file.js
2022-11-20 00:06:32,487 INFO 24292 [egg-schedule]: register schedule E:\FrontEnd\MyGithubRepository\PassionateEnd\node_modules\egg-multipart\app\schedule\clean_tmpdir.js
2022-11-20 00:06:32,487 INFO 24292 [egg-schedule]: register schedule E:\FrontEnd\MyGithubRepository\PassionateEnd\node_modules\egg-logrotator\app\schedule\clean_log.js
2022-11-20 00:06:32,487 INFO 24292 [egg-schedule]: register schedule E:\FrontEnd\MyGithubRepository\PassionateEnd\node_modules\egg-logrotator\app\schedule\rotate_by_file.js
2022-11-20 00:06:35,850 INFO 2332 [egg-schedule]: register schedule E:\FrontEnd\MyGithubRepository\PassionateEnd\node_modules\egg-multipart\app\schedule\clean_tmpdir.js
2022-11-20 00:06:35,850 INFO 2332 [egg-schedule]: register schedule E:\FrontEnd\MyGithubRepository\PassionateEnd\node_modules\egg-logrotator\app\schedule\clean_log.js
2022-11-20 00:06:35,850 INFO 2332 [egg-schedule]: register schedule E:\FrontEnd\MyGithubRepository\PassionateEnd\node_modules\egg-logrotator\app\schedule\rotate_by_file.js
2022-11-20 00:06:43,081 INFO 13096 [egg-schedule]: register schedule E:\FrontEnd\MyGithubRepository\PassionateEnd\node_modules\egg-multipart\app\schedule\clean_tmpdir.js
2022-11-20 00:06:43,081 INFO 13096 [egg-schedule]: register schedule E:\FrontEnd\MyGithubRepository\PassionateEnd\node_modules\egg-logrotator\app\schedule\clean_log.js
2022-11-20 00:06:43,082 INFO 13096 [egg-schedule]: register schedule E:\FrontEnd\MyGithubRepository\PassionateEnd\node_modules\egg-logrotator\app\schedule\rotate_by_file.js
2022-11-20 00:06:45,046 INFO 21616 [egg-schedule]: register schedule E:\FrontEnd\MyGithubRepository\PassionateEnd\node_modules\egg-multipart\app\schedule\clean_tmpdir.js
2022-11-20 00:06:45,046 INFO 21616 [egg-schedule]: register schedule E:\FrontEnd\MyGithubRepository\PassionateEnd\node_modules\egg-logrotator\app\schedule\clean_log.js
2022-11-20 00:06:45,046 INFO 21616 [egg-schedule]: register schedule E:\FrontEnd\MyGithubRepository\PassionateEnd\node_modules\egg-logrotator\app\schedule\rotate_by_file.js
2022-11-20 01:30:40,953 INFO 24948 [Timer] E:\FrontEnd\MyGithubRepository\PassionateEnd\node_modules\egg-multipart\app\schedule\clean_tmpdir.js next time will execute after 10759049ms at 2022-11-20 04:30:00.002
2022-11-20 01:30:40,953 INFO 24948 [Timer] E:\FrontEnd\MyGithubRepository\PassionateEnd\node_modules\egg-logrotator\app\schedule\clean_log.js next time will execute after 80959047ms at 2022-11-21 00:00:00.000
2022-11-20 01:30:40,954 INFO 24948 [Timer] E:\FrontEnd\MyGithubRepository\PassionateEnd\node_modules\egg-logrotator\app\schedule\rotate_by_file.js next time will execute after 80960047ms at 2022-11-21 00:00:01.001
2022-11-20 01:30:40,553 INFO 17308 [egg-schedule]: register schedule E:\FrontEnd\MyGithubRepository\PassionateEnd\node_modules\egg-multipart\app\schedule\clean_tmpdir.js
2022-11-20 01:30:40,553 INFO 17308 [egg-schedule]: register schedule E:\FrontEnd\MyGithubRepository\PassionateEnd\node_modules\egg-logrotator\app\schedule\clean_log.js
2022-11-20 01:30:40,553 INFO 17308 [egg-schedule]: register schedule E:\FrontEnd\MyGithubRepository\PassionateEnd\node_modules\egg-logrotator\app\schedule\rotate_by_file.js
2022-11-20 01:30:42,205 INFO 3580 [egg-schedule]: register schedule E:\FrontEnd\MyGithubRepository\PassionateEnd\node_modules\egg-multipart\app\schedule\clean_tmpdir.js
2022-11-20 01:30:42,205 INFO 3580 [egg-schedule]: register schedule E:\FrontEnd\MyGithubRepository\PassionateEnd\node_modules\egg-logrotator\app\schedule\clean_log.js
2022-11-20 01:30:42,205 INFO 3580 [egg-schedule]: register schedule E:\FrontEnd\MyGithubRepository\PassionateEnd\node_modules\egg-logrotator\app\schedule\rotate_by_file.js
2022-11-20 16:01:28,448 INFO 6848 [Timer] E:\FrontEnd\MyGithubRepository\PassionateEnd\node_modules\egg-multipart\app\schedule\clean_tmpdir.js next time will execute after 44911554ms at 2022-11-21 04:30:00.002
2022-11-20 16:01:28,448 INFO 6848 [Timer] E:\FrontEnd\MyGithubRepository\PassionateEnd\node_modules\egg-logrotator\app\schedule\clean_log.js next time will execute after 28711552ms at 2022-11-21 00:00:00.000
2022-11-20 16:01:28,448 INFO 6848 [Timer] E:\FrontEnd\MyGithubRepository\PassionateEnd\node_modules\egg-logrotator\app\schedule\rotate_by_file.js next time will execute after 28712552ms at 2022-11-21 00:00:01.000
2022-11-20 16:01:28,050 INFO 27376 [egg-schedule]: register schedule E:\FrontEnd\MyGithubRepository\PassionateEnd\node_modules\egg-multipart\app\schedule\clean_tmpdir.js
2022-11-20 16:01:28,050 INFO 27376 [egg-schedule]: register schedule E:\FrontEnd\MyGithubRepository\PassionateEnd\node_modules\egg-logrotator\app\schedule\clean_log.js
2022-11-20 16:01:28,050 INFO 27376 [egg-schedule]: register schedule E:\FrontEnd\MyGithubRepository\PassionateEnd\node_modules\egg-logrotator\app\schedule\rotate_by_file.js
2022-11-20 16:01:29,832 INFO 7516 [egg-schedule]: register schedule E:\FrontEnd\MyGithubRepository\PassionateEnd\node_modules\egg-multipart\app\schedule\clean_tmpdir.js
2022-11-20 16:01:29,832 INFO 7516 [egg-schedule]: register schedule E:\FrontEnd\MyGithubRepository\PassionateEnd\node_modules\egg-logrotator\app\schedule\clean_log.js
2022-11-20 16:01:29,832 INFO 7516 [egg-schedule]: register schedule E:\FrontEnd\MyGithubRepository\PassionateEnd\node_modules\egg-logrotator\app\schedule\rotate_by_file.js
2022-11-20 18:20:44,609 INFO 9308 [Timer] E:\FrontEnd\MyGithubRepository\PassionateEnd\node_modules\egg-multipart\app\schedule\clean_tmpdir.js next time will execute after 36555394ms at 2022-11-21 04:30:00.003
2022-11-20 18:20:44,609 INFO 9308 [Timer] E:\FrontEnd\MyGithubRepository\PassionateEnd\node_modules\egg-logrotator\app\schedule\clean_log.js next time will execute after 20355391ms at 2022-11-21 00:00:00.000
2022-11-20 18:20:44,609 INFO 9308 [Timer] E:\FrontEnd\MyGithubRepository\PassionateEnd\node_modules\egg-logrotator\app\schedule\rotate_by_file.js next time will execute after 20356391ms at 2022-11-21 00:00:01.000
2022-11-20 18:20:44,189 INFO 22368 [egg-schedule]: register schedule E:\FrontEnd\MyGithubRepository\PassionateEnd\node_modules\egg-multipart\app\schedule\clean_tmpdir.js
2022-11-20 18:20:44,189 INFO 22368 [egg-schedule]: register schedule E:\FrontEnd\MyGithubRepository\PassionateEnd\node_modules\egg-logrotator\app\schedule\clean_log.js
2022-11-20 18:20:44,189 INFO 22368 [egg-schedule]: register schedule E:\FrontEnd\MyGithubRepository\PassionateEnd\node_modules\egg-logrotator\app\schedule\rotate_by_file.js
2022-11-20 18:20:46,055 INFO 1980 [egg-schedule]: register schedule E:\FrontEnd\MyGithubRepository\PassionateEnd\node_modules\egg-multipart\app\schedule\clean_tmpdir.js
2022-11-20 18:20:46,055 INFO 1980 [egg-schedule]: register schedule E:\FrontEnd\MyGithubRepository\PassionateEnd\node_modules\egg-logrotator\app\schedule\clean_log.js
2022-11-20 18:20:46,055 INFO 1980 [egg-schedule]: register schedule E:\FrontEnd\MyGithubRepository\PassionateEnd\node_modules\egg-logrotator\app\schedule\rotate_by_file.js
2022-11-20 21:39:53,047 INFO 2944 [egg-schedule]: register schedule E:\FrontEnd\MyGithubRepository\PassionateEnd\node_modules\egg-multipart\app\schedule\clean_tmpdir.js
2022-11-20 21:39:53,047 INFO 2944 [egg-schedule]: register schedule E:\FrontEnd\MyGithubRepository\PassionateEnd\node_modules\egg-logrotator\app\schedule\clean_log.js
2022-11-20 21:39:53,047 INFO 2944 [egg-schedule]: register schedule E:\FrontEnd\MyGithubRepository\PassionateEnd\node_modules\egg-logrotator\app\schedule\rotate_by_file.js
2022-11-20 21:39:54,736 INFO 23424 [egg-schedule]: register schedule E:\FrontEnd\MyGithubRepository\PassionateEnd\node_modules\egg-multipart\app\schedule\clean_tmpdir.js
2022-11-20 21:39:54,736 INFO 23424 [egg-schedule]: register schedule E:\FrontEnd\MyGithubRepository\PassionateEnd\node_modules\egg-logrotator\app\schedule\clean_log.js
2022-11-20 21:39:54,736 INFO 23424 [egg-schedule]: register schedule E:\FrontEnd\MyGithubRepository\PassionateEnd\node_modules\egg-logrotator\app\schedule\rotate_by_file.js
2022-11-20 21:39:57,464 INFO 30632 [egg-schedule]: register schedule E:\FrontEnd\MyGithubRepository\PassionateEnd\node_modules\egg-multipart\app\schedule\clean_tmpdir.js
2022-11-20 21:39:57,464 INFO 30632 [egg-schedule]: register schedule E:\FrontEnd\MyGithubRepository\PassionateEnd\node_modules\egg-logrotator\app\schedule\clean_log.js
2022-11-20 21:39:57,464 INFO 30632 [egg-schedule]: register schedule E:\FrontEnd\MyGithubRepository\PassionateEnd\node_modules\egg-logrotator\app\schedule\rotate_by_file.js
2022-11-20 21:39:59,759 INFO 11888 [egg-schedule]: register schedule E:\FrontEnd\MyGithubRepository\PassionateEnd\node_modules\egg-multipart\app\schedule\clean_tmpdir.js
2022-11-20 21:39:59,759 INFO 11888 [egg-schedule]: register schedule E:\FrontEnd\MyGithubRepository\PassionateEnd\node_modules\egg-logrotator\app\schedule\clean_log.js
2022-11-20 21:39:59,759 INFO 11888 [egg-schedule]: register schedule E:\FrontEnd\MyGithubRepository\PassionateEnd\node_modules\egg-logrotator\app\schedule\rotate_by_file.js
2022-11-20 21:40:02,618 INFO 15216 [egg-schedule]: register schedule E:\FrontEnd\MyGithubRepository\PassionateEnd\node_modules\egg-multipart\app\schedule\clean_tmpdir.js
2022-11-20 21:40:02,618 INFO 15216 [egg-schedule]: register schedule E:\FrontEnd\MyGithubRepository\PassionateEnd\node_modules\egg-logrotator\app\schedule\clean_log.js
2022-11-20 21:40:02,618 INFO 15216 [egg-schedule]: register schedule E:\FrontEnd\MyGithubRepository\PassionateEnd\node_modules\egg-logrotator\app\schedule\rotate_by_file.js
2022-11-20 21:40:04,104 INFO 3804 [egg-schedule]: register schedule E:\FrontEnd\MyGithubRepository\PassionateEnd\node_modules\egg-multipart\app\schedule\clean_tmpdir.js
2022-11-20 21:40:04,104 INFO 3804 [egg-schedule]: register schedule E:\FrontEnd\MyGithubRepository\PassionateEnd\node_modules\egg-logrotator\app\schedule\clean_log.js
2022-11-20 21:40:04,104 INFO 3804 [egg-schedule]: register schedule E:\FrontEnd\MyGithubRepository\PassionateEnd\node_modules\egg-logrotator\app\schedule\rotate_by_file.js
2022-11-20 21:40:05,978 INFO 29776 [egg-schedule]: register schedule E:\FrontEnd\MyGithubRepository\PassionateEnd\node_modules\egg-multipart\app\schedule\clean_tmpdir.js
2022-11-20 21:40:05,978 INFO 29776 [egg-schedule]: register schedule E:\FrontEnd\MyGithubRepository\PassionateEnd\node_modules\egg-logrotator\app\schedule\clean_log.js
2022-11-20 21:40:05,978 INFO 29776 [egg-schedule]: register schedule E:\FrontEnd\MyGithubRepository\PassionateEnd\node_modules\egg-logrotator\app\schedule\rotate_by_file.js
2022-11-20 21:43:21,660 INFO 30260 [egg-schedule]: register schedule E:\FrontEnd\MyGithubRepository\PassionateEnd\node_modules\egg-multipart\app\schedule\clean_tmpdir.js
2022-11-20 21:43:21,660 INFO 30260 [egg-schedule]: register schedule E:\FrontEnd\MyGithubRepository\PassionateEnd\node_modules\egg-logrotator\app\schedule\clean_log.js
2022-11-20 21:43:21,660 INFO 30260 [egg-schedule]: register schedule E:\FrontEnd\MyGithubRepository\PassionateEnd\node_modules\egg-logrotator\app\schedule\rotate_by_file.js
2022-11-20 21:43:23,509 INFO 8176 [egg-schedule]: register schedule E:\FrontEnd\MyGithubRepository\PassionateEnd\node_modules\egg-multipart\app\schedule\clean_tmpdir.js
2022-11-20 21:43:23,509 INFO 8176 [egg-schedule]: register schedule E:\FrontEnd\MyGithubRepository\PassionateEnd\node_modules\egg-logrotator\app\schedule\clean_log.js
2022-11-20 21:43:23,509 INFO 8176 [egg-schedule]: register schedule E:\FrontEnd\MyGithubRepository\PassionateEnd\node_modules\egg-logrotator\app\schedule\rotate_by_file.js
2022-11-20 21:43:25,010 INFO 13256 [egg-schedule]: register schedule E:\FrontEnd\MyGithubRepository\PassionateEnd\node_modules\egg-multipart\app\schedule\clean_tmpdir.js
2022-11-20 21:43:25,010 INFO 13256 [egg-schedule]: register schedule E:\FrontEnd\MyGithubRepository\PassionateEnd\node_modules\egg-logrotator\app\schedule\clean_log.js
2022-11-20 21:43:25,010 INFO 13256 [egg-schedule]: register schedule E:\FrontEnd\MyGithubRepository\PassionateEnd\node_modules\egg-logrotator\app\schedule\rotate_by_file.js
2022-11-20 21:46:34,844 INFO 26572 [egg-schedule]: register schedule E:\FrontEnd\MyGithubRepository\PassionateEnd\node_modules\egg-multipart\app\schedule\clean_tmpdir.js
2022-11-20 21:46:34,844 INFO 26572 [egg-schedule]: register schedule E:\FrontEnd\MyGithubRepository\PassionateEnd\node_modules\egg-logrotator\app\schedule\clean_log.js
2022-11-20 21:46:34,844 INFO 26572 [egg-schedule]: register schedule E:\FrontEnd\MyGithubRepository\PassionateEnd\node_modules\egg-logrotator\app\schedule\rotate_by_file.js
2022-11-20 21:46:36,415 INFO 22676 [egg-schedule]: register schedule E:\FrontEnd\MyGithubRepository\PassionateEnd\node_modules\egg-multipart\app\schedule\clean_tmpdir.js
2022-11-20 21:46:36,415 INFO 22676 [egg-schedule]: register schedule E:\FrontEnd\MyGithubRepository\PassionateEnd\node_modules\egg-logrotator\app\schedule\clean_log.js
2022-11-20 21:46:36,415 INFO 22676 [egg-schedule]: register schedule E:\FrontEnd\MyGithubRepository\PassionateEnd\node_modules\egg-logrotator\app\schedule\rotate_by_file.js
